<?xml version="1.0" encoding="UTF-8"?>
<!-- Generated by org.testng.reporters.JUnitXMLReporter -->
<testsuite hostname="LAPTOP-GBAA4I4D" name="Default test" tests="5" failures="0" timestamp="21 Jan 2023 17:48:50 GMT" time="22.13" errors="0">
  <testcase name="excelread" time="2.53" classname="com.app.dataproviderexcel.ExcelReadDP"/>
  <testcase name="excelread" time="3.048" classname="com.app.dataproviderexcel.ExcelReadDP"/>
  <testcase name="excelread" time="3.348" classname="com.app.dataproviderexcel.ExcelReadDP"/>
  <testcase name="excelread" time="2.608" classname="com.app.dataproviderexcel.ExcelReadDP"/>
  <testcase name="excelread" time="3.14" classname="com.app.dataproviderexcel.ExcelReadDP"/>
</testsuite> <!-- Default test -->
